build/app/outputs/mapping/release/usage.txt
com.example.imtihon3.R$color
com.example.imtihon3.R$mipmap
com.example.imtihon3.R$id
com.example.imtihon3.R$style
com.example.imtihon3.BuildConfig
com.example.imtihon3.R$string
com.example.imtihon3.R$drawable
com.example.imtihon3.R$attr
com.example.imtihon3.R$dimen
com.example.imtihon3.R$styleable
com.example.imtihon3.R
com.example.imtihon3.R$integer
com.example.imtihon3.R$layout
...
androidx.fragment.R$dimen
kotlin.io.SerializableKt
androidx.annotation.VisibleForTesting
androidx.core.view.ViewCompat$ScrollIndicators
io.flutter.embedding.android.SplashScreenProvider
kotlin.Unit
androidx.core.view.NestedScrollingParentHelper
kotlin.jvm.internal.ByteSpreadBuilder
androidx.core.util.Consumer
androidx.lifecycle.Lifecycling
androidx.core.view.accessibility.AccessibilityWindowInfoCompat
androidx.core.location.LocationManagerCompat
kotlin.text.Typography
androidx.core.view.inputmethod.InputContentInfoCompat
io.flutter.embedding.android.FlutterActivity$CachedEngineIntentBuilder
androidx.core.app.NotificationCompat$BigPictureStyle
kotlin.ULongArray
androidx.core.content.pm.ShortcutInfoCompatSaver$NoopImpl
kotlin.contracts.ConditionalEffect
androidx.core.provider.FontsContractCompat$4$6
androidx.activity.R$color
io.flutter.plugin.common.FlutterException:
    private static final java.lang.String TAG
kotlin.text.StringsKt___StringsKt$chunkedSequence$1
androidx.activity.R
kotlin.jvm.functions.Function20
kotlin.LazyThreadSafetyMode
androidx.lifecycle.ViewModel
androidx.annotation.RequiresApi
androidx.core.app.NotificationCompat$BigTextStyle
kotlin.jvm.internal.CharSpreadBuilder
androidx.core.app.ActivityCompat$PermissionCompatDelegate
androidx.core.view.inputmethod.InputContentInfoCompat$InputContentInfoCompatBaseImpl
kotlin.jvm.internal.LocalVariableReference
androidx.annotation.AnyThread
androidx.core.content.FileProvider$PathStrategy
kotlin.jvm.Volatile
kotlin.time.AdjustedClockMark
androidx.core.app.NotificationCompat$DecoratedCustomViewStyle
androidx.core.widget.ImageViewCompat
androidx.viewpager.R$color
kotlin.internal.AccessibleLateinitPropertyLiteral
kotlin.jvm.internal.ShortSpreadBuilder
androidx.annotation.RestrictTo$Scope
androidx.core.widget.ContentLoadingProgressBar
kotlin.coroutines.experimental.ContinuationInterceptor
androidx.core.view.ViewCompat$2
io.flutter.plugin.common.EventChannel$IncomingStreamRequestHandler$EventSinkImplementation
androidx.core.app.NotificationCompatJellybean
io.flutter.embedding.engine.deferredcomponents.PlayStoreDeferredComponentManager$FeatureInstallStateUpdatedListener
kotlin.collections.AbstractMap$keys$1$iterator$1
kotlin.sequences.SubSequence$iterator$1
androidx.loader.content.ModernAsyncTask$AsyncTaskResult
io.flutter.embedding.android.FlutterFragment$ActivityCallThrough
kotlin.collections.RingBuffer
kotlin.jvm.internal.BooleanCompanionObject
io.flutter.embedding.engine.systemchannels.SystemChannel:
    private static final java.lang.String TAG
kotlin.jvm.internal.Ref$ObjectRef
androidx.lifecycle.Lifecycling$1:
    void <init>(androidx.lifecycle.LifecycleEventObserver)
androidx.fragment.app.FragmentViewLifecycleOwner
androidx.fragment.R$color
kotlin.sequences.SequencesKt__SequencesKt$generateSequence$2
androidx.core.content.ContextCompat$MainHandlerExecutor
androidx.fragment.app.FragmentManagerImpl$PopBackStackState
androidx.core.app.JobIntentService
androidx.lifecycle.ViewModelProvider$KeyedFactory
androidx.core.view.accessibility.AccessibilityViewCommand$SetTextArguments
androidx.fragment.app.Fragment$2:
    void <init>(androidx.fragment.app.Fragment)
kotlin.jvm.internal.CallableReference
androidx.fragment.app.FragmentTransaction$Op
kotlin.reflect.KType
androidx.core.view.ViewConfigurationCompat
kotlin.collections.ArraysKt___ArraysKt$asIterable$$inlined$Iterable$2
androidx.core.os.HandlerCompat
kotlin.UIntArrayKt
kotlin.UIntArray
androidx.annotation.DimenRes
androidx.fragment.R$layout
androidx.core.app.NotificationCompat$MessagingStyle
kotlin.coroutines.experimental.migration.ExperimentalContextMigration
kotlin.native.concurrent.SharedImmutable
androidx.loader.R$drawable
org.intellij.lang.annotations.JdkConstants$FlowLayoutAlignment
androidx.loader.R$id
androidx.viewpager.widget.ViewPager$2
kotlin.collections.CollectionsKt__CollectionsKt$binarySearchBy$1
androidx.fragment.R$attr
kotlin.io.FileTreeWalk$WalkState
kotlin.jvm.functions.Function11